<?xml version="1.0" encoding="UTF-8"?>
<!-- Generated by org.testng.reporters.JUnitXMLReporter -->
<testsuite ignored="0" hostname="DESKTOP-KDKJ11Q" failures="1" tests="1" name="Test(failed)" time="25.341" errors="0" timestamp="2022-02-07T04:33:04 PST">
  <testcase classname="com.firebase.tests.Home.HomeTest" name="userMenuVerification" time="17.347">
    <failure type="java.lang.NullPointerException" message="Cannot invoke &amp;quot;com.firebase.pages.profiles.ProfilePage.getTitleOfProfilePage()&amp;quot; because &amp;quot;com.firebase.tests.Home.HomeTest.profilePage&amp;quot; is null">
      <![CDATA[java.lang.NullPointerException: Cannot invoke "com.firebase.pages.profiles.ProfilePage.getTitleOfProfilePage()" because "com.firebase.tests.Home.HomeTest.profilePage" is null
at com.firebase.tests.Home.HomeTest.userMenuVerification(HomeTest.java:31)
at java.base/java.util.ArrayList.forEach(ArrayList.java:1511)
... Removed 27 stack frames]]>
    </failure>
  </testcase> <!-- userMenuVerification -->
</testsuite> <!-- Test(failed) -->
